#
# There is insufficient memory for the Java Runtime Environment to continue.
# Native memory allocation (malloc) failed to allocate 588560 bytes. Error detail: Chunk::new
# Possible reasons:
#   The system is out of physical RAM or swap space
#   This process is running with CompressedOops enabled, and the Java Heap may be blocking the growth of the native heap
# Possible solutions:
#   Reduce memory load on the system
#   Increase physical memory or swap space
#   Check if swap backing store is full
#   Decrease Java heap size (-Xmx/-Xms)
#   Decrease number of Java threads
#   Decrease Java thread stack sizes (-Xss)
#   Set larger code cache with -XX:ReservedCodeCacheSize=
#   JVM is running with Unscaled Compressed Oops mode in which the Java heap is
#     placed in the first 4GB address space. The Java Heap base address is the
#     maximum limit for the native heap growth. Please use -XX:HeapBaseMinAddress
#     to set the Java Heap base and to place the Java Heap above 4GB virtual address.
# This output file may be truncated or incomplete.
#
#  Out of Memory Error (arena.cpp:191), pid=9344, tid=10440
#
# JRE version: OpenJDK Runtime Environment Temurin-17.0.11+9 (17.0.11+9) (build 17.0.11+9)
# Java VM: OpenJDK 64-Bit Server VM Temurin-17.0.11+9 (17.0.11+9, mixed mode, tiered, compressed oops, compressed class ptrs, parallel gc, windows-amd64)
# No core dump will be written. Minidumps are not enabled by default on client versions of Windows
#

---------------  S U M M A R Y ------------

Command Line: --add-modules=ALL-SYSTEM --add-opens=java.base/java.util=ALL-UNNAMED --add-opens=java.base/java.lang=ALL-UNNAMED --add-opens=java.base/sun.nio.fs=ALL-UNNAMED -Declipse.application=org.eclipse.jdt.ls.core.id1 -Dosgi.bundles.defaultStartLevel=4 -Declipse.product=org.eclipse.jdt.ls.core.product -Djava.import.generatesMetadataFilesAtProjectRoot=false -DDetectVMInstallationsJob.disabled=true -Dfile.encoding=utf8 -XX:+UseParallelGC -XX:GCTimeRatio=4 -XX:AdaptiveSizePolicyWeight=90 -Dsun.zip.disableMemoryMapping=true -Xmx1G -Xms100m -Xlog:disable -javaagent:c:\Users\ch148\.vscode\extensions\redhat.java-1.33.0-win32-x64\lombok\lombok-1.18.33.jar -XX:+HeapDumpOnOutOfMemoryError -XX:HeapDumpPath=c:\Users\ch148\AppData\Roaming\Code\User\workspaceStorage\49270bf35ae02e88dd2e23b78ee16835\redhat.java -Daether.dependencyCollector.impl=bf c:\Users\ch148\.vscode\extensions\redhat.java-1.33.0-win32-x64\server\plugins\org.eclipse.equinox.launcher_1.6.900.v20240613-2009.jar -configuration c:\Users\ch148\AppData\Roaming\Code\User\globalStorage\redhat.java\1.33.0\config_win -data c:\Users\ch148\AppData\Roaming\Code\User\workspaceStorage\49270bf35ae02e88dd2e23b78ee16835\redhat.java\jdt_ws --pipe=\\.\pipe\lsp-7286c364461d3ae112240be9368ea035-sock

Host: Intel(R) Celeron(R) N4120 CPU @ 1.10GHz, 4 cores, 3G,  Windows 10 , 64 bit Build 19041 (10.0.19041.4717)
Time: Thu Aug 22 08:09:55 2024 Hora estándar, América Central elapsed time: 77.952849 seconds (0d 0h 1m 17s)

---------------  T H R E A D  ---------------

Current thread (0x000002a2f605b720):  JavaThread "C2 CompilerThread0" daemon [_thread_in_native, id=10440, stack(0x000000fdee300000,0x000000fdee400000)]


Current CompileTask:
C2:  77953 8568       4       org.codehaus.plexus.util.xml.pull.MXParser::nextImpl (1203 bytes)

Stack: [0x000000fdee300000,0x000000fdee400000]
Native frames: (J=compiled Java code, j=interpreted, Vv=VM code, C=native code)
V  [jvm.dll+0x67d429]
V  [jvm.dll+0x834b7a]
V  [jvm.dll+0x83663e]
V  [jvm.dll+0x836ca3]
V  [jvm.dll+0x247dbf]
V  [jvm.dll+0xac534]
V  [jvm.dll+0xacb7c]
V  [jvm.dll+0x366647]
V  [jvm.dll+0x330bba]
V  [jvm.dll+0x33005a]
V  [jvm.dll+0x21a471]
V  [jvm.dll+0x2198b1]
V  [jvm.dll+0x1a534d]
V  [jvm.dll+0x2295cd]
V  [jvm.dll+0x22779c]
V  [jvm.dll+0x7e9d07]
V  [jvm.dll+0x7e410a]
V  [jvm.dll+0x67c315]
C  [ucrtbase.dll+0x21bb2]
C  [KERNEL32.DLL+0x17374]
C  [ntdll.dll+0x4cc91]


---------------  P R O C E S S  ---------------

Threads class SMR info:
_java_thread_list=0x000002a2fc505800, length=43, elements={
0x000002a2e21e3360, 0x000002a2f6024750, 0x000002a2f6025f00, 0x000002a2f60515b0,
0x000002a2f6051f50, 0x000002a2f6052ce0, 0x000002a2f605ab20, 0x000002a2f605b720,
0x000002a2fb26fc50, 0x000002a2fb277b00, 0x000002a2fb340130, 0x000002a2fb5fb090,
0x000002a2fbd35b40, 0x000002a2fb7f6630, 0x000002a2fb64e0a0, 0x000002a2fb857a10,
0x000002a2fb7618e0, 0x000002a2fba406a0, 0x000002a2fba40190, 0x000002a2fba3f770,
0x000002a2fba3cef0, 0x000002a2fba3fc80, 0x000002a2fba3d400, 0x000002a2fba3ed50,
0x000002a2fba3f260, 0x000002a2fba3d910, 0x000002a2fba3de20, 0x000002a2fba3e840,
0x000002a2fbfeaee0, 0x000002a2fbfec320, 0x000002a2fbfee690, 0x000002a2fbfeeba0,
0x000002a2fbfe9aa0, 0x000002a2fbfe8660, 0x000002a2fbfed250, 0x000002a2fbfe9080,
0x000002a2fbfed760, 0x000002a2fbfe9590, 0x000002a2fbfec830, 0x000002a2fbfef0b0,
0x000002a2fbfe8b70, 0x000002a2fbfef5c0, 0x000002a2fbfedc70
}

Java Threads: ( => current thread )
  0x000002a2e21e3360 JavaThread "main" [_thread_blocked, id=9312, stack(0x000000fdeda00000,0x000000fdedb00000)]
  0x000002a2f6024750 JavaThread "Reference Handler" daemon [_thread_blocked, id=13296, stack(0x000000fdedd00000,0x000000fdede00000)]
  0x000002a2f6025f00 JavaThread "Finalizer" daemon [_thread_blocked, id=11980, stack(0x000000fdede00000,0x000000fdedf00000)]
  0x000002a2f60515b0 JavaThread "Signal Dispatcher" daemon [_thread_blocked, id=4680, stack(0x000000fdedf00000,0x000000fdee000000)]
  0x000002a2f6051f50 JavaThread "Attach Listener" daemon [_thread_blocked, id=13412, stack(0x000000fdee000000,0x000000fdee100000)]
  0x000002a2f6052ce0 JavaThread "Service Thread" daemon [_thread_blocked, id=12072, stack(0x000000fdee100000,0x000000fdee200000)]
  0x000002a2f605ab20 JavaThread "Monitor Deflation Thread" daemon [_thread_blocked, id=13756, stack(0x000000fdee200000,0x000000fdee300000)]
=>0x000002a2f605b720 JavaThread "C2 CompilerThread0" daemon [_thread_in_native, id=10440, stack(0x000000fdee300000,0x000000fdee400000)]
  0x000002a2fb26fc50 JavaThread "C1 CompilerThread0" daemon [_thread_blocked, id=14112, stack(0x000000fdee400000,0x000000fdee500000)]
  0x000002a2fb277b00 JavaThread "Sweeper thread" daemon [_thread_blocked, id=10392, stack(0x000000fdee500000,0x000000fdee600000)]
  0x000002a2fb340130 JavaThread "Common-Cleaner" daemon [_thread_blocked, id=6636, stack(0x000000fdee600000,0x000000fdee700000)]
  0x000002a2fb5fb090 JavaThread "Notification Thread" daemon [_thread_blocked, id=10540, stack(0x000000fdee700000,0x000000fdee800000)]
  0x000002a2fbd35b40 JavaThread "Active Thread: Equinox Container: 7b553204-072d-44e3-b31d-e8edd6e78df8" [_thread_blocked, id=3020, stack(0x000000fdeec00000,0x000000fdeed00000)]
  0x000002a2fb7f6630 JavaThread "Framework Event Dispatcher: Equinox Container: 7b553204-072d-44e3-b31d-e8edd6e78df8" daemon [_thread_blocked, id=9364, stack(0x000000fdeed00000,0x000000fdeee00000)]
  0x000002a2fb64e0a0 JavaThread "Start Level: Equinox Container: 7b553204-072d-44e3-b31d-e8edd6e78df8" daemon [_thread_blocked, id=8216, stack(0x000000fdeee00000,0x000000fdeef00000)]
  0x000002a2fb857a10 JavaThread "Bundle File Closer" daemon [_thread_blocked, id=13620, stack(0x000000fdeef00000,0x000000fdef000000)]
  0x000002a2fb7618e0 JavaThread "SCR Component Actor" daemon [_thread_blocked, id=14888, stack(0x000000fdef000000,0x000000fdef100000)]
  0x000002a2fba406a0 JavaThread "Worker-JM" [_thread_blocked, id=15244, stack(0x000000fdef200000,0x000000fdef300000)]
  0x000002a2fba40190 JavaThread "JNA Cleaner" daemon [_thread_blocked, id=13488, stack(0x000000fdef300000,0x000000fdef400000)]
  0x000002a2fba3f770 JavaThread "Worker-0: Refreshing workspace" [_thread_blocked, id=15056, stack(0x000000fdef400000,0x000000fdef500000)]
  0x000002a2fba3cef0 JavaThread "Worker-1: Java indexing... " [_thread_blocked, id=15280, stack(0x000000fdef500000,0x000000fdef600000)]
  0x000002a2fba3fc80 JavaThread "Java indexing" daemon [_thread_in_native, id=8624, stack(0x000000fdef700000,0x000000fdef800000)]
  0x000002a2fba3d400 JavaThread "Worker-2: Synchronizing projects" [_thread_blocked, id=7012, stack(0x000000fdef800000,0x000000fdef900000)]
  0x000002a2fba3ed50 JavaThread "Thread-2" daemon [_thread_in_native, id=12184, stack(0x000000fdefb00000,0x000000fdefc00000)]
  0x000002a2fba3f260 JavaThread "Thread-3" daemon [_thread_in_native, id=14092, stack(0x000000fdefc00000,0x000000fdefd00000)]
  0x000002a2fba3d910 JavaThread "Thread-4" daemon [_thread_in_native, id=3528, stack(0x000000fdefd00000,0x000000fdefe00000)]
  0x000002a2fba3de20 JavaThread "Thread-5" daemon [_thread_in_native, id=9036, stack(0x000000fdefe00000,0x000000fdeff00000)]
  0x000002a2fba3e840 JavaThread "Thread-6" daemon [_thread_in_native, id=14324, stack(0x000000fdeff00000,0x000000fdf0000000)]
  0x000002a2fbfeaee0 JavaThread "pool-2-thread-1" [_thread_blocked, id=8132, stack(0x000000fdf0000000,0x000000fdf0100000)]
  0x000002a2fbfec320 JavaThread "WorkspaceEventsHandler" [_thread_blocked, id=14940, stack(0x000000fdf0100000,0x000000fdf0200000)]
  0x000002a2fbfee690 JavaThread "pool-1-thread-1" [_thread_blocked, id=15104, stack(0x000000fdf0200000,0x000000fdf0300000)]
  0x000002a2fbfeeba0 JavaThread "Worker-3" [_thread_blocked, id=684, stack(0x000000fdf0300000,0x000000fdf0400000)]
  0x000002a2fbfe9aa0 JavaThread "Worker-4" [_thread_blocked, id=9504, stack(0x000000fdef600000,0x000000fdef700000)]
  0x000002a2fbfe8660 JavaThread "Worker-5: Update Maven project configuration" [_thread_blocked, id=7288, stack(0x000000fdef100000,0x000000fdef200000)]
  0x000002a2fbfed250 JavaThread "Worker-6: Initialize workspace" [_thread_blocked, id=14108, stack(0x000000fdf0500000,0x000000fdf0600000)]
  0x000002a2fbfe9080 JavaThread "ForkJoinPool.commonPool-worker-1" daemon [_thread_blocked, id=13944, stack(0x000000fdf0600000,0x000000fdf0700000)]
  0x000002a2fbfed760 JavaThread "ForkJoinPool.commonPool-worker-2" daemon [_thread_blocked, id=2216, stack(0x000000fdf0400000,0x000000fdf0500000)]
  0x000002a2fbfe9590 JavaThread "ForkJoinPool.commonPool-worker-3" daemon [_thread_blocked, id=5204, stack(0x000000fdf0700000,0x000000fdf0800000)]
  0x000002a2fbfec830 JavaThread "ParallelDescriptorResolver-0-0" daemon [_thread_in_native, id=11568, stack(0x000000fded900000,0x000000fdeda00000)]
  0x000002a2fbfef0b0 JavaThread "ParallelDescriptorResolver-0-1" daemon [_thread_in_native, id=15352, stack(0x000000fdf0800000,0x000000fdf0900000)]
  0x000002a2fbfe8b70 JavaThread "ParallelDescriptorResolver-0-2" daemon [_thread_in_native, id=13168, stack(0x000000fdf0900000,0x000000fdf0a00000)]
  0x000002a2fbfef5c0 JavaThread "ParallelDescriptorResolver-0-3" daemon [_thread_in_native, id=15344, stack(0x000000fdf0a00000,0x000000fdf0b00000)]
  0x000002a2fbfedc70 JavaThread "ParallelDescriptorResolver-0-4" daemon [_thread_in_native, id=14808, stack(0x000000fdf0b00000,0x000000fdf0c00000)]

Other Threads:
  0x000002a2e229ebd0 VMThread "VM Thread" [stack: 0x000000fdedc00000,0x000000fdedd00000] [id=15024]
  0x000002a2fb500080 WatcherThread [stack: 0x000000fdee800000,0x000000fdee900000] [id=264]
  0x000002a2e21fa9f0 GCTaskThread "GC Thread#0" [stack: 0x000000fdedb00000,0x000000fdedc00000] [id=6728]
  0x000002a2fb7946d0 GCTaskThread "GC Thread#1" [stack: 0x000000fdee900000,0x000000fdeea00000] [id=3332]
  0x000002a2fbadc5a0 GCTaskThread "GC Thread#2" [stack: 0x000000fdeea00000,0x000000fdeeb00000] [id=3656]
  0x000002a2fbadc860 GCTaskThread "GC Thread#3" [stack: 0x000000fdeeb00000,0x000000fdeec00000] [id=15232]

Threads with active compile tasks:
C2 CompilerThread0    78013 8568       4       org.codehaus.plexus.util.xml.pull.MXParser::nextImpl (1203 bytes)

VM state: not at safepoint (normal execution)

VM Mutex/Monitor currently owned by a thread: None

Heap address: 0x00000000c0000000, size: 1024 MB, Compressed Oops mode: 32-bit

CDS archive(s) not mapped
Compressed class space mapped at: 0x0000000100000000-0x0000000140000000, reserved size: 1073741824
Narrow klass base: 0x0000000000000000, Narrow klass shift: 3, Narrow klass range: 0x140000000

GC Precious Log:
 CPUs: 4 total, 4 available
 Memory: 3917M
 Large Page Support: Disabled
 NUMA Support: Disabled
 Compressed Oops: Enabled (32-bit)
 Alignments: Space 512K, Generation 512K, Heap 2M
 Heap Min Capacity: 100M
 Heap Initial Capacity: 100M
 Heap Max Capacity: 1G
 Pre-touch: Disabled
 Parallel Workers: 4

Heap:
 PSYoungGen      total 24064K, used 20342K [0x00000000eab00000, 0x00000000ec480000, 0x0000000100000000)
  eden space 22016K, 84% used [0x00000000eab00000,0x00000000ebd31a70,0x00000000ec080000)
  from space 2048K, 83% used [0x00000000ec280000,0x00000000ec42c010,0x00000000ec480000)
  to   space 2048K, 0% used [0x00000000ec080000,0x00000000ec080000,0x00000000ec280000)
 ParOldGen       total 68608K, used 36821K [0x00000000c0000000, 0x00000000c4300000, 0x00000000eab00000)
  object space 68608K, 53% used [0x00000000c0000000,0x00000000c23f5648,0x00000000c4300000)
 Metaspace       used 58474K, committed 59520K, reserved 1114112K
  class space    used 6215K, committed 6656K, reserved 1048576K

Card table byte_map: [0x000002a2e1b80000,0x000002a2e1d90000] _byte_map_base: 0x000002a2e1580000

Marking Bits: (ParMarkBitMap*) 0x00007ffaa0d1d820
 Begin Bits: [0x000002a2f3e80000, 0x000002a2f4e80000)
 End Bits:   [0x000002a2f4e80000, 0x000002a2f5e80000)

Polling page: 0x000002a2e0060000

Metaspace:

Usage:
  Non-class:     51.03 MB used.
      Class:      6.07 MB used.
       Both:     57.10 MB used.

Virtual space:
  Non-class space:       64.00 MB reserved,      51.62 MB ( 81%) committed,  1 nodes.
      Class space:        1.00 GB reserved,       6.50 MB ( <1%) committed,  1 nodes.
             Both:        1.06 GB reserved,      58.12 MB (  5%) committed. 

Chunk freelists:
   Non-Class:  11.47 MB
       Class:  9.50 MB
        Both:  20.97 MB

MaxMetaspaceSize: unlimited
CompressedClassSpaceSize: 1.00 GB
Initial GC threshold: 21.00 MB
Current GC threshold: 58.38 MB
CDS: off
MetaspaceReclaimPolicy: balanced
 - commit_granule_bytes: 65536.
 - commit_granule_words: 8192.
 - virtual_space_node_default_size: 8388608.
 - enlarge_chunks_in_place: 1.
 - new_chunks_are_fully_committed: 0.
 - uncommit_free_chunks: 1.
 - use_allocation_guard: 0.
 - handle_deallocations: 1.


Internal statistics:

num_allocs_failed_limit: 6.
num_arena_births: 782.
num_arena_deaths: 14.
num_vsnodes_births: 2.
num_vsnodes_deaths: 0.
num_space_committed: 930.
num_space_uncommitted: 0.
num_chunks_returned_to_freelist: 20.
num_chunks_taken_from_freelist: 3089.
num_chunk_merges: 8.
num_chunk_splits: 1924.
num_chunks_enlarged: 1114.
num_inconsistent_stats: 0.

CodeHeap 'non-profiled nmethods': size=120000Kb used=4637Kb max_used=4637Kb free=115362Kb
 bounds [0x000002a2ec950000, 0x000002a2ecde0000, 0x000002a2f3e80000]
CodeHeap 'profiled nmethods': size=120000Kb used=16671Kb max_used=16671Kb free=103328Kb
 bounds [0x000002a2e4e80000, 0x000002a2e5ed0000, 0x000002a2ec3b0000]
CodeHeap 'non-nmethods': size=5760Kb used=1315Kb max_used=1362Kb free=4445Kb
 bounds [0x000002a2ec3b0000, 0x000002a2ec620000, 0x000002a2ec950000]
 total_blobs=8439 nmethods=7785 adapters=569
 compilation: enabled
              stopped_count=0, restarted_count=0
 full_count=0

Compilation events (20 events):
Event: 77.845 Thread 0x000002a2f605b720 nmethod 8563 0x000002a2ecdd6c90 code [0x000002a2ecdd6e20, 0x000002a2ecdd6ee8]
Event: 77.845 Thread 0x000002a2fb26fc50 8564   !   3       java.util.Formatter::format (283 bytes)
Event: 77.846 Thread 0x000002a2fb26fc50 nmethod 8564 0x000002a2e5ec3210 code [0x000002a2e5ec3520, 0x000002a2e5ec48c8]
Event: 77.888 Thread 0x000002a2fb26fc50 8565       3       java.io.BufferedReader::<init> (9 bytes)
Event: 77.888 Thread 0x000002a2fb26fc50 nmethod 8565 0x000002a2e5ec5290 code [0x000002a2e5ec5440, 0x000002a2e5ec5588]
Event: 77.888 Thread 0x000002a2fb26fc50 8566       3       java.io.BufferedReader::<init> (62 bytes)
Event: 77.889 Thread 0x000002a2fb26fc50 nmethod 8566 0x000002a2e5ec5610 code [0x000002a2e5ec57e0, 0x000002a2e5ec5cd8]
Event: 77.889 Thread 0x000002a2f605b720 8567       4       org.codehaus.plexus.util.xml.pull.MXParser::isValidCodePoint (64 bytes)
Event: 77.890 Thread 0x000002a2f605b720 nmethod 8567 0x000002a2ecdd6f90 code [0x000002a2ecdd7100, 0x000002a2ecdd7198]
Event: 77.891 Thread 0x000002a2f605b720 8568       4       org.codehaus.plexus.util.xml.pull.MXParser::nextImpl (1203 bytes)
Event: 77.893 Thread 0x000002a2fb26fc50 8570       1       org.apache.maven.model.ReportPlugin::setVersion (6 bytes)
Event: 77.893 Thread 0x000002a2fb26fc50 nmethod 8570 0x000002a2ecdd7290 code [0x000002a2ecdd7420, 0x000002a2ecdd74f8]
Event: 77.896 Thread 0x000002a2fb26fc50 8571  s    3       java.util.Properties::clone (25 bytes)
Event: 77.897 Thread 0x000002a2fb26fc50 nmethod 8571 0x000002a2e5ec5e90 code [0x000002a2e5ec60a0, 0x000002a2e5ec6828]
Event: 77.897 Thread 0x000002a2fb26fc50 8572       3       java.lang.invoke.Invokers$Holder::linkToTargetMethod (9 bytes)
Event: 77.898 Thread 0x000002a2fb26fc50 nmethod 8572 0x000002a2e5ec6a90 code [0x000002a2e5ec6c40, 0x000002a2e5ec6f38]
Event: 77.898 Thread 0x000002a2fb26fc50 8573       3       java.util.regex.Pattern::createGroup (86 bytes)
Event: 77.899 Thread 0x000002a2fb26fc50 nmethod 8573 0x000002a2e5ec7010 code [0x000002a2e5ec7200, 0x000002a2e5ec7898]
Event: 77.899 Thread 0x000002a2fb26fc50 8574       3       java.util.regex.Pattern$GroupHead::<init> (10 bytes)
Event: 77.899 Thread 0x000002a2fb26fc50 nmethod 8574 0x000002a2e5ec7b10 code [0x000002a2e5ec7cc0, 0x000002a2e5ec7eb8]

GC Heap History (20 events):
Event: 42.988 GC heap before
{Heap before GC invocations=21 (full 2):
 PSYoungGen      total 23552K, used 23081K [0x00000000eab00000, 0x00000000ec480000, 0x0000000100000000)
  eden space 22016K, 100% used [0x00000000eab00000,0x00000000ec080000,0x00000000ec080000)
  from space 1536K, 69% used [0x00000000ec300000,0x00000000ec40a590,0x00000000ec480000)
  to   space 1536K, 0% used [0x00000000ec080000,0x00000000ec080000,0x00000000ec200000)
 ParOldGen       total 68608K, used 21542K [0x00000000c0000000, 0x00000000c4300000, 0x00000000eab00000)
  object space 68608K, 31% used [0x00000000c0000000,0x00000000c1509b10,0x00000000c4300000)
 Metaspace       used 53378K, committed 54464K, reserved 1114112K
  class space    used 5731K, committed 6208K, reserved 1048576K
}
Event: 42.994 GC heap after
{Heap after GC invocations=21 (full 2):
 PSYoungGen      total 23552K, used 1520K [0x00000000eab00000, 0x00000000ec680000, 0x0000000100000000)
  eden space 22016K, 0% used [0x00000000eab00000,0x00000000eab00000,0x00000000ec080000)
  from space 1536K, 98% used [0x00000000ec080000,0x00000000ec1fc010,0x00000000ec200000)
  to   space 3072K, 0% used [0x00000000ec380000,0x00000000ec380000,0x00000000ec680000)
 ParOldGen       total 68608K, used 22457K [0x00000000c0000000, 0x00000000c4300000, 0x00000000eab00000)
  object space 68608K, 32% used [0x00000000c0000000,0x00000000c15ee490,0x00000000c4300000)
 Metaspace       used 53378K, committed 54464K, reserved 1114112K
  class space    used 5731K, committed 6208K, reserved 1048576K
}
Event: 43.461 GC heap before
{Heap before GC invocations=22 (full 2):
 PSYoungGen      total 23552K, used 23536K [0x00000000eab00000, 0x00000000ec680000, 0x0000000100000000)
  eden space 22016K, 100% used [0x00000000eab00000,0x00000000ec080000,0x00000000ec080000)
  from space 1536K, 98% used [0x00000000ec080000,0x00000000ec1fc010,0x00000000ec200000)
  to   space 3072K, 0% used [0x00000000ec380000,0x00000000ec380000,0x00000000ec680000)
 ParOldGen       total 68608K, used 22457K [0x00000000c0000000, 0x00000000c4300000, 0x00000000eab00000)
  object space 68608K, 32% used [0x00000000c0000000,0x00000000c15ee490,0x00000000c4300000)
 Metaspace       used 53936K, committed 54976K, reserved 1114112K
  class space    used 5793K, committed 6272K, reserved 1048576K
}
Event: 43.469 GC heap after
{Heap after GC invocations=22 (full 2):
 PSYoungGen      total 24064K, used 1856K [0x00000000eab00000, 0x00000000ec580000, 0x0000000100000000)
  eden space 22016K, 0% used [0x00000000eab00000,0x00000000eab00000,0x00000000ec080000)
  from space 2048K, 90% used [0x00000000ec380000,0x00000000ec550040,0x00000000ec580000)
  to   space 2560K, 0% used [0x00000000ec080000,0x00000000ec080000,0x00000000ec300000)
 ParOldGen       total 68608K, used 23958K [0x00000000c0000000, 0x00000000c4300000, 0x00000000eab00000)
  object space 68608K, 34% used [0x00000000c0000000,0x00000000c1765ac8,0x00000000c4300000)
 Metaspace       used 53936K, committed 54976K, reserved 1114112K
  class space    used 5793K, committed 6272K, reserved 1048576K
}
Event: 43.707 GC heap before
{Heap before GC invocations=23 (full 2):
 PSYoungGen      total 24064K, used 23872K [0x00000000eab00000, 0x00000000ec580000, 0x0000000100000000)
  eden space 22016K, 100% used [0x00000000eab00000,0x00000000ec080000,0x00000000ec080000)
  from space 2048K, 90% used [0x00000000ec380000,0x00000000ec550040,0x00000000ec580000)
  to   space 2560K, 0% used [0x00000000ec080000,0x00000000ec080000,0x00000000ec300000)
 ParOldGen       total 68608K, used 23958K [0x00000000c0000000, 0x00000000c4300000, 0x00000000eab00000)
  object space 68608K, 34% used [0x00000000c0000000,0x00000000c1765ac8,0x00000000c4300000)
 Metaspace       used 53980K, committed 55040K, reserved 1114112K
  class space    used 5793K, committed 6272K, reserved 1048576K
}
Event: 43.713 GC heap after
{Heap after GC invocations=23 (full 2):
 PSYoungGen      total 24064K, used 1888K [0x00000000eab00000, 0x00000000ec480000, 0x0000000100000000)
  eden space 22016K, 0% used [0x00000000eab00000,0x00000000eab00000,0x00000000ec080000)
  from space 2048K, 92% used [0x00000000ec080000,0x00000000ec258000,0x00000000ec280000)
  to   space 2048K, 0% used [0x00000000ec280000,0x00000000ec280000,0x00000000ec480000)
 ParOldGen       total 68608K, used 25774K [0x00000000c0000000, 0x00000000c4300000, 0x00000000eab00000)
  object space 68608K, 37% used [0x00000000c0000000,0x00000000c192bb18,0x00000000c4300000)
 Metaspace       used 53980K, committed 55040K, reserved 1114112K
  class space    used 5793K, committed 6272K, reserved 1048576K
}
Event: 43.978 GC heap before
{Heap before GC invocations=24 (full 2):
 PSYoungGen      total 24064K, used 23904K [0x00000000eab00000, 0x00000000ec480000, 0x0000000100000000)
  eden space 22016K, 100% used [0x00000000eab00000,0x00000000ec080000,0x00000000ec080000)
  from space 2048K, 92% used [0x00000000ec080000,0x00000000ec258000,0x00000000ec280000)
  to   space 2048K, 0% used [0x00000000ec280000,0x00000000ec280000,0x00000000ec480000)
 ParOldGen       total 68608K, used 25774K [0x00000000c0000000, 0x00000000c4300000, 0x00000000eab00000)
  object space 68608K, 37% used [0x00000000c0000000,0x00000000c192bb18,0x00000000c4300000)
 Metaspace       used 54130K, committed 55232K, reserved 1114112K
  class space    used 5812K, committed 6272K, reserved 1048576K
}
Event: 43.985 GC heap after
{Heap after GC invocations=24 (full 2):
 PSYoungGen      total 24064K, used 1920K [0x00000000eab00000, 0x00000000ec480000, 0x0000000100000000)
  eden space 22016K, 0% used [0x00000000eab00000,0x00000000eab00000,0x00000000ec080000)
  from space 2048K, 93% used [0x00000000ec280000,0x00000000ec460010,0x00000000ec480000)
  to   space 2048K, 0% used [0x00000000ec080000,0x00000000ec080000,0x00000000ec280000)
 ParOldGen       total 68608K, used 27594K [0x00000000c0000000, 0x00000000c4300000, 0x00000000eab00000)
  object space 68608K, 40% used [0x00000000c0000000,0x00000000c1af2b38,0x00000000c4300000)
 Metaspace       used 54130K, committed 55232K, reserved 1114112K
  class space    used 5812K, committed 6272K, reserved 1048576K
}
Event: 44.498 GC heap before
{Heap before GC invocations=25 (full 2):
 PSYoungGen      total 24064K, used 23936K [0x00000000eab00000, 0x00000000ec480000, 0x0000000100000000)
  eden space 22016K, 100% used [0x00000000eab00000,0x00000000ec080000,0x00000000ec080000)
  from space 2048K, 93% used [0x00000000ec280000,0x00000000ec460010,0x00000000ec480000)
  to   space 2048K, 0% used [0x00000000ec080000,0x00000000ec080000,0x00000000ec280000)
 ParOldGen       total 68608K, used 27594K [0x00000000c0000000, 0x00000000c4300000, 0x00000000eab00000)
  object space 68608K, 40% used [0x00000000c0000000,0x00000000c1af2b38,0x00000000c4300000)
 Metaspace       used 54363K, committed 55424K, reserved 1114112K
  class space    used 5832K, committed 6272K, reserved 1048576K
}
Event: 44.505 GC heap after
{Heap after GC invocations=25 (full 2):
 PSYoungGen      total 24064K, used 2029K [0x00000000eab00000, 0x00000000ec980000, 0x0000000100000000)
  eden space 22016K, 0% used [0x00000000eab00000,0x00000000eab00000,0x00000000ec080000)
  from space 2048K, 99% used [0x00000000ec080000,0x00000000ec27b510,0x00000000ec280000)
  to   space 4608K, 0% used [0x00000000ec500000,0x00000000ec500000,0x00000000ec980000)
 ParOldGen       total 68608K, used 29645K [0x00000000c0000000, 0x00000000c4300000, 0x00000000eab00000)
  object space 68608K, 43% used [0x00000000c0000000,0x00000000c1cf3750,0x00000000c4300000)
 Metaspace       used 54363K, committed 55424K, reserved 1114112K
  class space    used 5832K, committed 6272K, reserved 1048576K
}
Event: 45.630 GC heap before
{Heap before GC invocations=26 (full 2):
 PSYoungGen      total 24064K, used 24045K [0x00000000eab00000, 0x00000000ec980000, 0x0000000100000000)
  eden space 22016K, 100% used [0x00000000eab00000,0x00000000ec080000,0x00000000ec080000)
  from space 2048K, 99% used [0x00000000ec080000,0x00000000ec27b510,0x00000000ec280000)
  to   space 4608K, 0% used [0x00000000ec500000,0x00000000ec500000,0x00000000ec980000)
 ParOldGen       total 68608K, used 29645K [0x00000000c0000000, 0x00000000c4300000, 0x00000000eab00000)
  object space 68608K, 43% used [0x00000000c0000000,0x00000000c1cf3750,0x00000000c4300000)
 Metaspace       used 54619K, committed 55744K, reserved 1114112K
  class space    used 5846K, committed 6336K, reserved 1048576K
}
Event: 45.634 GC heap after
{Heap after GC invocations=26 (full 2):
 PSYoungGen      total 23552K, used 1101K [0x00000000eab00000, 0x00000000ec680000, 0x0000000100000000)
  eden space 22016K, 0% used [0x00000000eab00000,0x00000000eab00000,0x00000000ec080000)
  from space 1536K, 71% used [0x00000000ec500000,0x00000000ec613510,0x00000000ec680000)
  to   space 2560K, 0% used [0x00000000ec180000,0x00000000ec180000,0x00000000ec400000)
 ParOldGen       total 68608K, used 30824K [0x00000000c0000000, 0x00000000c4300000, 0x00000000eab00000)
  object space 68608K, 44% used [0x00000000c0000000,0x00000000c1e1a250,0x00000000c4300000)
 Metaspace       used 54619K, committed 55744K, reserved 1114112K
  class space    used 5846K, committed 6336K, reserved 1048576K
}
Event: 46.602 GC heap before
{Heap before GC invocations=27 (full 2):
 PSYoungGen      total 23552K, used 23117K [0x00000000eab00000, 0x00000000ec680000, 0x0000000100000000)
  eden space 22016K, 100% used [0x00000000eab00000,0x00000000ec080000,0x00000000ec080000)
  from space 1536K, 71% used [0x00000000ec500000,0x00000000ec613510,0x00000000ec680000)
  to   space 2560K, 0% used [0x00000000ec180000,0x00000000ec180000,0x00000000ec400000)
 ParOldGen       total 68608K, used 30824K [0x00000000c0000000, 0x00000000c4300000, 0x00000000eab00000)
  object space 68608K, 44% used [0x00000000c0000000,0x00000000c1e1a250,0x00000000c4300000)
 Metaspace       used 55333K, committed 56448K, reserved 1114112K
  class space    used 5920K, committed 6400K, reserved 1048576K
}
Event: 46.606 GC heap after
{Heap after GC invocations=27 (full 2):
 PSYoungGen      total 24576K, used 2321K [0x00000000eab00000, 0x00000000ec680000, 0x0000000100000000)
  eden space 22016K, 0% used [0x00000000eab00000,0x00000000eab00000,0x00000000ec080000)
  from space 2560K, 90% used [0x00000000ec180000,0x00000000ec3c4480,0x00000000ec400000)
  to   space 2560K, 0% used [0x00000000ec400000,0x00000000ec400000,0x00000000ec680000)
 ParOldGen       total 68608K, used 31064K [0x00000000c0000000, 0x00000000c4300000, 0x00000000eab00000)
  object space 68608K, 45% used [0x00000000c0000000,0x00000000c1e56250,0x00000000c4300000)
 Metaspace       used 55333K, committed 56448K, reserved 1114112K
  class space    used 5920K, committed 6400K, reserved 1048576K
}
Event: 53.351 GC heap before
{Heap before GC invocations=28 (full 2):
 PSYoungGen      total 24576K, used 24313K [0x00000000eab00000, 0x00000000ec680000, 0x0000000100000000)
  eden space 22016K, 99% used [0x00000000eab00000,0x00000000ec07a128,0x00000000ec080000)
  from space 2560K, 90% used [0x00000000ec180000,0x00000000ec3c4480,0x00000000ec400000)
  to   space 2560K, 0% used [0x00000000ec400000,0x00000000ec400000,0x00000000ec680000)
 ParOldGen       total 68608K, used 31064K [0x00000000c0000000, 0x00000000c4300000, 0x00000000eab00000)
  object space 68608K, 45% used [0x00000000c0000000,0x00000000c1e56250,0x00000000c4300000)
 Metaspace       used 56694K, committed 57792K, reserved 1114112K
  class space    used 6040K, committed 6464K, reserved 1048576K
}
Event: 53.358 GC heap after
{Heap after GC invocations=28 (full 2):
 PSYoungGen      total 24576K, used 2512K [0x00000000eab00000, 0x00000000ec680000, 0x0000000100000000)
  eden space 22016K, 0% used [0x00000000eab00000,0x00000000eab00000,0x00000000ec080000)
  from space 2560K, 98% used [0x00000000ec400000,0x00000000ec674020,0x00000000ec680000)
  to   space 3072K, 0% used [0x00000000ec080000,0x00000000ec080000,0x00000000ec380000)
 ParOldGen       total 68608K, used 33296K [0x00000000c0000000, 0x00000000c4300000, 0x00000000eab00000)
  object space 68608K, 48% used [0x00000000c0000000,0x00000000c20840c0,0x00000000c4300000)
 Metaspace       used 56694K, committed 57792K, reserved 1114112K
  class space    used 6040K, committed 6464K, reserved 1048576K
}
Event: 69.023 GC heap before
{Heap before GC invocations=29 (full 2):
 PSYoungGen      total 24576K, used 24528K [0x00000000eab00000, 0x00000000ec680000, 0x0000000100000000)
  eden space 22016K, 100% used [0x00000000eab00000,0x00000000ec080000,0x00000000ec080000)
  from space 2560K, 98% used [0x00000000ec400000,0x00000000ec674020,0x00000000ec680000)
  to   space 3072K, 0% used [0x00000000ec080000,0x00000000ec080000,0x00000000ec380000)
 ParOldGen       total 68608K, used 33296K [0x00000000c0000000, 0x00000000c4300000, 0x00000000eab00000)
  object space 68608K, 48% used [0x00000000c0000000,0x00000000c20840c0,0x00000000c4300000)
 Metaspace       used 57480K, committed 58624K, reserved 1114112K
  class space    used 6108K, committed 6592K, reserved 1048576K
}
Event: 69.033 GC heap after
{Heap after GC invocations=29 (full 2):
 PSYoungGen      total 23552K, used 1520K [0x00000000eab00000, 0x00000000ec480000, 0x0000000100000000)
  eden space 22016K, 0% used [0x00000000eab00000,0x00000000eab00000,0x00000000ec080000)
  from space 1536K, 98% used [0x00000000ec080000,0x00000000ec1fc020,0x00000000ec200000)
  to   space 2048K, 0% used [0x00000000ec280000,0x00000000ec280000,0x00000000ec480000)
 ParOldGen       total 68608K, used 35655K [0x00000000c0000000, 0x00000000c4300000, 0x00000000eab00000)
  object space 68608K, 51% used [0x00000000c0000000,0x00000000c22d1ea0,0x00000000c4300000)
 Metaspace       used 57480K, committed 58624K, reserved 1114112K
  class space    used 6108K, committed 6592K, reserved 1048576K
}
Event: 71.550 GC heap before
{Heap before GC invocations=30 (full 2):
 PSYoungGen      total 23552K, used 23536K [0x00000000eab00000, 0x00000000ec480000, 0x0000000100000000)
  eden space 22016K, 100% used [0x00000000eab00000,0x00000000ec080000,0x00000000ec080000)
  from space 1536K, 98% used [0x00000000ec080000,0x00000000ec1fc020,0x00000000ec200000)
  to   space 2048K, 0% used [0x00000000ec280000,0x00000000ec280000,0x00000000ec480000)
 ParOldGen       total 68608K, used 35655K [0x00000000c0000000, 0x00000000c4300000, 0x00000000eab00000)
  object space 68608K, 51% used [0x00000000c0000000,0x00000000c22d1ea0,0x00000000c4300000)
 Metaspace       used 57900K, committed 59008K, reserved 1114112K
  class space    used 6149K, committed 6592K, reserved 1048576K
}
Event: 71.554 GC heap after
{Heap after GC invocations=30 (full 2):
 PSYoungGen      total 24064K, used 1712K [0x00000000eab00000, 0x00000000ec480000, 0x0000000100000000)
  eden space 22016K, 0% used [0x00000000eab00000,0x00000000eab00000,0x00000000ec080000)
  from space 2048K, 83% used [0x00000000ec280000,0x00000000ec42c010,0x00000000ec480000)
  to   space 2048K, 0% used [0x00000000ec080000,0x00000000ec080000,0x00000000ec280000)
 ParOldGen       total 68608K, used 36821K [0x00000000c0000000, 0x00000000c4300000, 0x00000000eab00000)
  object space 68608K, 53% used [0x00000000c0000000,0x00000000c23f5648,0x00000000c4300000)
 Metaspace       used 57900K, committed 59008K, reserved 1114112K
  class space    used 6149K, committed 6592K, reserved 1048576K
}

Dll operation events (10 events):
Event: 0.112 Loaded shared library c:\Users\ch148\.vscode\extensions\redhat.java-1.33.0-win32-x64\jre\17.0.11-win32-x86_64\bin\java.dll
Event: 1.159 Loaded shared library c:\Users\ch148\.vscode\extensions\redhat.java-1.33.0-win32-x64\jre\17.0.11-win32-x86_64\bin\zip.dll
Event: 1.169 Loaded shared library C:\Users\ch148\.vscode\extensions\redhat.java-1.33.0-win32-x64\jre\17.0.11-win32-x86_64\bin\instrument.dll
Event: 1.262 Loaded shared library C:\Users\ch148\.vscode\extensions\redhat.java-1.33.0-win32-x64\jre\17.0.11-win32-x86_64\bin\net.dll
Event: 1.269 Loaded shared library C:\Users\ch148\.vscode\extensions\redhat.java-1.33.0-win32-x64\jre\17.0.11-win32-x86_64\bin\nio.dll
Event: 1.292 Loaded shared library C:\Users\ch148\.vscode\extensions\redhat.java-1.33.0-win32-x64\jre\17.0.11-win32-x86_64\bin\zip.dll
Event: 1.375 Loaded shared library C:\Users\ch148\.vscode\extensions\redhat.java-1.33.0-win32-x64\jre\17.0.11-win32-x86_64\bin\jimage.dll
Event: 1.992 Loaded shared library c:\Users\ch148\.vscode\extensions\redhat.java-1.33.0-win32-x64\jre\17.0.11-win32-x86_64\bin\verify.dll
Event: 17.892 Loaded shared library C:\Users\ch148\AppData\Roaming\Code\User\globalStorage\redhat.java\1.33.0\config_win\org.eclipse.equinox.launcher\org.eclipse.equinox.launcher.win32.win32.x86_64_1.2.1100.v20240722-2106\eclipse_11904.dll
Event: 33.221 Loaded shared library C:\Users\ch148\AppData\Local\Temp\jna-94575600\jna8585135414859747234.dll

Deoptimization events (20 events):
Event: 75.898 Thread 0x000002a2fbfef5c0 Uncommon trap: trap_request=0xffffffde fr.pc=0x000002a2eca9cde0 relative=0x0000000000000d40
Event: 75.898 Thread 0x000002a2fbfef5c0 Uncommon trap: reason=class_check action=maybe_recompile pc=0x000002a2eca9cde0 method=java.util.concurrent.ConcurrentHashMap.putVal(Ljava/lang/Object;Ljava/lang/Object;Z)Ljava/lang/Object; @ 242 c2
Event: 75.898 Thread 0x000002a2fbfef5c0 DEOPT PACKING pc=0x000002a2eca9cde0 sp=0x000000fdf0afe8e0
Event: 75.898 Thread 0x000002a2fbfef5c0 DEOPT UNPACKING pc=0x000002a2ec40669d sp=0x000000fdf0afe850 mode 2
Event: 76.623 Thread 0x000002a2fbfec830 DEOPT PACKING pc=0x000002a2e5e6c975 sp=0x000000fded9fe730
Event: 76.623 Thread 0x000002a2fbfec830 DEOPT UNPACKING pc=0x000002a2ec406e24 sp=0x000000fded9fdc38 mode 0
Event: 77.837 Thread 0x000002a2fbfedc70 Uncommon trap: trap_request=0xffffff45 fr.pc=0x000002a2ecdb1470 relative=0x00000000000013f0
Event: 77.837 Thread 0x000002a2fbfedc70 Uncommon trap: reason=unstable_if action=reinterpret pc=0x000002a2ecdb1470 method=org.codehaus.plexus.util.xml.pull.MXParser.nextImpl()I @ 973 c2
Event: 77.837 Thread 0x000002a2fbfedc70 DEOPT PACKING pc=0x000002a2ecdb1470 sp=0x000000fdf0bfe3a0
Event: 77.837 Thread 0x000002a2fbfedc70 DEOPT UNPACKING pc=0x000002a2ec40669d sp=0x000000fdf0bfe318 mode 2
Event: 77.842 Thread 0x000002a2fbfedc70 Uncommon trap: trap_request=0xffffff45 fr.pc=0x000002a2ecdbde50 relative=0x0000000000000050
Event: 77.842 Thread 0x000002a2fbfedc70 Uncommon trap: reason=unstable_if action=reinterpret pc=0x000002a2ecdbde50 method=org.codehaus.plexus.util.xml.pull.MXParser.isValidCodePoint(I)Z @ 15 c2
Event: 77.842 Thread 0x000002a2fbfedc70 DEOPT PACKING pc=0x000002a2ecdbde50 sp=0x000000fdf0bfe5f0
Event: 77.842 Thread 0x000002a2fbfedc70 DEOPT UNPACKING pc=0x000002a2ec40669d sp=0x000000fdf0bfe580 mode 2
Event: 77.888 Thread 0x000002a2fbfef5c0 DEOPT PACKING pc=0x000002a2e5e6c975 sp=0x000000fdf0afe550
Event: 77.888 Thread 0x000002a2fbfef5c0 DEOPT UNPACKING pc=0x000002a2ec406e24 sp=0x000000fdf0afda58 mode 0
Event: 77.892 Thread 0x000002a2fbfef5c0 DEOPT PACKING pc=0x000002a2e5e6c975 sp=0x000000fdf0afe320
Event: 77.892 Thread 0x000002a2fbfef5c0 DEOPT UNPACKING pc=0x000002a2ec406e24 sp=0x000000fdf0afd828 mode 0
Event: 77.894 Thread 0x000002a2fbfef5c0 DEOPT PACKING pc=0x000002a2e5e6c975 sp=0x000000fdf0afe4b0
Event: 77.894 Thread 0x000002a2fbfef5c0 DEOPT UNPACKING pc=0x000002a2ec406e24 sp=0x000000fdf0afd9b8 mode 0

Classes unloaded (7 events):
Event: 32.738 Thread 0x000002a2e229ebd0 Unloading class 0x0000000100250400 'java/lang/invoke/LambdaForm$MH+0x0000000100250400'
Event: 32.738 Thread 0x000002a2e229ebd0 Unloading class 0x0000000100250000 'java/lang/invoke/LambdaForm$MH+0x0000000100250000'
Event: 32.738 Thread 0x000002a2e229ebd0 Unloading class 0x000000010024fc00 'java/lang/invoke/LambdaForm$MH+0x000000010024fc00'
Event: 32.738 Thread 0x000002a2e229ebd0 Unloading class 0x000000010024f800 'java/lang/invoke/LambdaForm$MH+0x000000010024f800'
Event: 32.738 Thread 0x000002a2e229ebd0 Unloading class 0x000000010024f400 'java/lang/invoke/LambdaForm$BMH+0x000000010024f400'
Event: 32.738 Thread 0x000002a2e229ebd0 Unloading class 0x000000010024f000 'java/lang/invoke/LambdaForm$DMH+0x000000010024f000'
Event: 32.738 Thread 0x000002a2e229ebd0 Unloading class 0x000000010024c400 'java/lang/invoke/LambdaForm$DMH+0x000000010024c400'

Classes redefined (0 events):
No events

Internal exceptions (20 events):
Event: 46.208 Thread 0x000002a2fbfee690 Exception <a 'sun/nio/fs/WindowsException'{0x00000000ebe339f0}> (0x00000000ebe339f0) 
thrown [s\src\hotspot\share\prims\jni.cpp, line 516]
Event: 46.209 Thread 0x000002a2fbfee690 Exception <a 'sun/nio/fs/WindowsException'{0x00000000ebe37a48}> (0x00000000ebe37a48) 
thrown [s\src\hotspot\share\prims\jni.cpp, line 516]
Event: 46.209 Thread 0x000002a2fbfee690 Exception <a 'sun/nio/fs/WindowsException'{0x00000000ebe38110}> (0x00000000ebe38110) 
thrown [s\src\hotspot\share\prims\jni.cpp, line 516]
Event: 47.065 Thread 0x000002a2fbfe9080 Exception <a 'java/lang/NoSuchMethodError'{0x00000000eaff22c0}: 'java.lang.Object java.lang.invoke.DirectMethodHandle$Holder.invokeInterface(java.lang.Object, java.lang.Object, java.lang.Object)'> (0x00000000eaff22c0) 
thrown [s\src\hotspot\share\interpreter\linkResolver.cpp, line 759]
Event: 71.367 Thread 0x000002a2fbfe8660 Exception <a 'java/lang/NoSuchMethodError'{0x00000000ebea8e48}: 'java.lang.Object java.lang.invoke.DirectMethodHandle$Holder.newInvokeSpecial(java.lang.Object, java.lang.Object, java.lang.Object, java.lang.Object, java.lang.Object, java.lang.Object, java.lang.Object, java.lang.Object)'> (0x00000000ebea8e48) 
thrown [s\src\hotspot\share\interpreter\linkResolver.cpp, line 759]
Event: 71.369 Thread 0x000002a2fbfe8660 Exception <a 'java/lang/NoSuchMethodError'{0x00000000ebecb3d0}: 'java.lang.Object java.lang.invoke.Invokers$Holder.linkToTargetMethod(java.lang.Object, java.lang.Object, java.lang.Object, java.lang.Object, java.lang.Object, java.lang.Object, java.lang.Object, java.lang.Object)'> (0x00000000ebecb3d0) 
thrown [s\src\hotspot\share\interpreter\linkResolver.cpp, line 759]
Event: 71.374 Thread 0x000002a2fbfe8660 Exception <a 'java/lang/NoSuchMethodError'{0x00000000ebeddeb0}: 'java.lang.Object java.lang.invoke.DirectMethodHandle$Holder.invokeStatic(java.lang.Object, java.lang.Object, int, java.lang.Object, java.lang.Object)'> (0x00000000ebeddeb0) 
thrown [s\src\hotspot\share\interpreter\linkResolver.cpp, line 759]
Event: 71.376 Thread 0x000002a2fbfe8660 Exception <a 'java/lang/NoSuchMethodError'{0x00000000ebee5138}: 'java.lang.Object java.lang.invoke.DirectMethodHandle$Holder.newInvokeSpecial(java.lang.Object, java.lang.Object, int)'> (0x00000000ebee5138) 
thrown [s\src\hotspot\share\interpreter\linkResolver.cpp, line 759]
Event: 71.411 Thread 0x000002a2fbfe8660 Exception <a 'java/lang/NoSuchMethodError'{0x00000000ebf81160}: 'void java.lang.invoke.DirectMethodHandle$Holder.invokeStatic(java.lang.Object, int)'> (0x00000000ebf81160) 
thrown [s\src\hotspot\share\interpreter\linkResolver.cpp, line 759]
Event: 71.656 Thread 0x000002a2fbfe8660 Exception <a 'java/io/FileNotFoundException'{0x00000000eae4ce98}> (0x00000000eae4ce98) 
thrown [s\src\hotspot\share\prims\jni.cpp, line 516]
Event: 73.781 Thread 0x000002a2fbfe8660 Implicit null exception at 0x000002a2ec9cb3fb to 0x000002a2ec9cbaa4
Event: 74.036 Thread 0x000002a2fbfe8660 Exception <a 'sun/nio/fs/WindowsException'{0x00000000eaf520c0}> (0x00000000eaf520c0) 
thrown [s\src\hotspot\share\prims\jni.cpp, line 516]
Event: 74.037 Thread 0x000002a2fbfe8660 Exception <a 'sun/nio/fs/WindowsException'{0x00000000eaf52450}> (0x00000000eaf52450) 
thrown [s\src\hotspot\share\prims\jni.cpp, line 516]
Event: 74.429 Thread 0x000002a2fbfe8660 Exception <a 'java/lang/NoSuchMethodError'{0x00000000eafca148}: 'int java.lang.invoke.DirectMethodHandle$Holder.invokeSpecialIFC(java.lang.Object, java.lang.Object, java.lang.Object)'> (0x00000000eafca148) 
thrown [s\src\hotspot\share\interpreter\linkResolver.cpp, line 759]
Event: 74.632 Thread 0x000002a2fbfe8660 Implicit null exception at 0x000002a2ecd87c45 to 0x000002a2ecd883d0
Event: 74.691 Thread 0x000002a2fbfe8660 Exception <a 'java/lang/NoSuchMethodError'{0x00000000eb2c7428}: 'java.lang.Object java.lang.invoke.Invokers$Holder.linkToTargetMethod(java.lang.Object, java.lang.Object, java.lang.Object, java.lang.Object, java.lang.Object, java.lang.Object, java.lang.Object)'> (0x00000000eb2c7428) 
thrown [s\src\hotspot\share\interpreter\linkResolver.cpp, line 759]
Event: 74.797 Thread 0x000002a2fbfe8660 Exception <a 'java/lang/NoSuchMethodError'{0x00000000eb3cb878}: 'void java.lang.invoke.DirectMethodHandle$Holder.invokeInterface(java.lang.Object, java.lang.Object)'> (0x00000000eb3cb878) 
thrown [s\src\hotspot\share\interpreter\linkResolver.cpp, line 759]
Event: 74.806 Thread 0x000002a2fbfe8660 Exception <a 'java/lang/NoSuchMethodError'{0x00000000eb41bc00}: 'java.lang.Object java.lang.invoke.DirectMethodHandle$Holder.newInvokeSpecial(java.lang.Object, java.lang.Object, java.lang.Object, java.lang.Object, java.lang.Object, java.lang.Object)'> (0x00000000eb41bc00) 
thrown [s\src\hotspot\share\interpreter\linkResolver.cpp, line 759]
Event: 74.854 Thread 0x000002a2fbfec830 Exception <a 'java/lang/NoSuchMethodError'{0x00000000eb44f7a8}: 'void java.lang.invoke.DirectMethodHandle$Holder.invokeSpecial(java.lang.Object, java.lang.Object, java.lang.Object, java.lang.Object, java.lang.Object, java.lang.Object, java.lang.Object, java.lang.Object)'> (0x00000000eb44f7a8) 
thrown [s\src\hotspot\share\interpreter\linkResolver.cpp, line 759]
Event: 74.859 Thread 0x000002a2fbfef0b0 Exception <a 'java/lang/NoSuchMethodError'{0x00000000eb451210}: 'void java.lang.invoke.DirectMethodHandle$Holder.invokeSpecial(java.lang.Object, java.lang.Object, java.lang.Object, java.lang.Object, java.lang.Object, java.lang.Object, java.lang.Object, java.lang.Object)'> (0x00000000eb451210) 
thrown [s\src\hotspot\share\interpreter\linkResolver.cpp, line 759]

VM Operations (20 events):
Event: 70.039 Executing VM operation: Cleanup
Event: 71.153 Executing VM operation: Cleanup done
Event: 71.348 Executing VM operation: HandshakeAllThreads
Event: 71.348 Executing VM operation: HandshakeAllThreads done
Event: 71.438 Executing VM operation: HandshakeAllThreads
Event: 71.438 Executing VM operation: HandshakeAllThreads done
Event: 71.550 Executing VM operation: ParallelGCFailedAllocation
Event: 71.554 Executing VM operation: ParallelGCFailedAllocation done
Event: 71.627 Executing VM operation: HandshakeAllThreads
Event: 71.628 Executing VM operation: HandshakeAllThreads done
Event: 72.628 Executing VM operation: Cleanup
Event: 72.628 Executing VM operation: Cleanup done
Event: 73.636 Executing VM operation: Cleanup
Event: 73.636 Executing VM operation: Cleanup done
Event: 74.643 Executing VM operation: Cleanup
Event: 74.661 Executing VM operation: Cleanup done
Event: 75.669 Executing VM operation: Cleanup
Event: 75.669 Executing VM operation: Cleanup done
Event: 76.682 Executing VM operation: Cleanup
Event: 76.701 Executing VM operation: Cleanup done

Events (20 events):
Event: 46.752 loading class java/util/concurrent/CompletableFuture$UniApply done
Event: 46.754 loading class java/util/concurrent/ForkJoinPool$DefaultCommonPoolForkJoinWorkerThreadFactory$1
Event: 46.754 loading class java/util/concurrent/ForkJoinPool$DefaultCommonPoolForkJoinWorkerThreadFactory$1 done
Event: 46.755 Thread 0x000002a2fbfe9080 Thread added: 0x000002a2fbfe9080
Event: 46.755 loading class java/util/concurrent/CompletableFuture$UniAccept
Event: 46.755 loading class java/util/concurrent/CompletableFuture$UniAccept done
Event: 46.755 loading class java/util/concurrent/CompletableFuture$UniExceptionally
Event: 46.755 loading class java/util/concurrent/CompletableFuture$UniExceptionally done
Event: 46.824 Thread 0x000002a2fb5c7b60 Thread exited: 0x000002a2fb5c7b60
Event: 46.826 Thread 0x000002a2fbfed760 Thread added: 0x000002a2fbfed760
Event: 46.826 loading class java/util/HashMap$ValueSpliterator
Event: 46.826 loading class java/util/HashMap$ValueSpliterator done
Event: 46.942 Thread 0x000002a2fbfe9590 Thread added: 0x000002a2fbfe9590
Event: 74.682 loading class java/util/LinkedList$LLSpliterator
Event: 74.683 loading class java/util/LinkedList$LLSpliterator done
Event: 74.808 Thread 0x000002a2fbfec830 Thread added: 0x000002a2fbfec830
Event: 74.808 Thread 0x000002a2fbfef0b0 Thread added: 0x000002a2fbfef0b0
Event: 74.808 Thread 0x000002a2fbfe8b70 Thread added: 0x000002a2fbfe8b70
Event: 74.809 Thread 0x000002a2fbfef5c0 Thread added: 0x000002a2fbfef5c0
Event: 74.809 Thread 0x000002a2fbfedc70 Thread added: 0x000002a2fbfedc70


Dynamic libraries:
0x00007ff71a9d0000 - 0x00007ff71a9de000 	c:\Users\ch148\.vscode\extensions\redhat.java-1.33.0-win32-x64\jre\17.0.11-win32-x86_64\bin\java.exe
0x00007ffb24af0000 - 0x00007ffb24ce8000 	C:\WINDOWS\SYSTEM32\ntdll.dll
0x00007ffb23c00000 - 0x00007ffb23cc1000 	C:\WINDOWS\System32\KERNEL32.DLL
0x00007ffb222f0000 - 0x00007ffb225ed000 	C:\WINDOWS\System32\KERNELBASE.dll
0x00007ffb221f0000 - 0x00007ffb222f0000 	C:\WINDOWS\System32\ucrtbase.dll
0x00007ffaf5bf0000 - 0x00007ffaf5c07000 	c:\Users\ch148\.vscode\extensions\redhat.java-1.33.0-win32-x64\jre\17.0.11-win32-x86_64\bin\jli.dll
0x00007ffb23a60000 - 0x00007ffb23bfd000 	C:\WINDOWS\System32\USER32.dll
0x00007ffb22620000 - 0x00007ffb22642000 	C:\WINDOWS\System32\win32u.dll
0x00007ffb23960000 - 0x00007ffb2398b000 	C:\WINDOWS\System32\GDI32.dll
0x00007ffb22650000 - 0x00007ffb22767000 	C:\WINDOWS\System32\gdi32full.dll
0x00007ffb22a80000 - 0x00007ffb22b1d000 	C:\WINDOWS\System32\msvcp_win.dll
0x00007ffaf56a0000 - 0x00007ffaf56bb000 	c:\Users\ch148\.vscode\extensions\redhat.java-1.33.0-win32-x64\jre\17.0.11-win32-x86_64\bin\VCRUNTIME140.dll
0x00007ffb104f0000 - 0x00007ffb1078a000 	C:\WINDOWS\WinSxS\amd64_microsoft.windows.common-controls_6595b64144ccf1df_6.0.19041.4355_none_60b8b9eb71f62e16\COMCTL32.dll
0x00007ffb23840000 - 0x00007ffb238de000 	C:\WINDOWS\System32\msvcrt.dll
0x00007ffb235b0000 - 0x00007ffb235df000 	C:\WINDOWS\System32\IMM32.DLL
0x00007ffb0c2f0000 - 0x00007ffb0c2fc000 	c:\Users\ch148\.vscode\extensions\redhat.java-1.33.0-win32-x64\jre\17.0.11-win32-x86_64\bin\vcruntime140_1.dll
0x00007ffaf0500000 - 0x00007ffaf058d000 	c:\Users\ch148\.vscode\extensions\redhat.java-1.33.0-win32-x64\jre\17.0.11-win32-x86_64\bin\msvcp140.dll
0x00007ffaa0180000 - 0x00007ffaa0de2000 	c:\Users\ch148\.vscode\extensions\redhat.java-1.33.0-win32-x64\jre\17.0.11-win32-x86_64\bin\server\jvm.dll
0x00007ffb23500000 - 0x00007ffb235b0000 	C:\WINDOWS\System32\ADVAPI32.dll
0x00007ffb24440000 - 0x00007ffb244e0000 	C:\WINDOWS\System32\sechost.dll
0x00007ffb235f0000 - 0x00007ffb23713000 	C:\WINDOWS\System32\RPCRT4.dll
0x00007ffb225f0000 - 0x00007ffb22617000 	C:\WINDOWS\System32\bcrypt.dll
0x00007ffb21ff0000 - 0x00007ffb2203b000 	C:\WINDOWS\SYSTEM32\POWRPROF.dll
0x00007ffb1e050000 - 0x00007ffb1e059000 	C:\WINDOWS\SYSTEM32\WSOCK32.dll
0x00007ffb23490000 - 0x00007ffb234fb000 	C:\WINDOWS\System32\WS2_32.dll
0x00007ffb0eba0000 - 0x00007ffb0ebc7000 	C:\WINDOWS\SYSTEM32\WINMM.dll
0x00007ffb19f40000 - 0x00007ffb19f4a000 	C:\WINDOWS\SYSTEM32\VERSION.dll
0x00007ffb21fd0000 - 0x00007ffb21fe2000 	C:\WINDOWS\SYSTEM32\UMPDC.dll
0x00007ffb209b0000 - 0x00007ffb209c2000 	C:\WINDOWS\SYSTEM32\kernel.appcore.dll
0x00007ffb0c270000 - 0x00007ffb0c27a000 	c:\Users\ch148\.vscode\extensions\redhat.java-1.33.0-win32-x64\jre\17.0.11-win32-x86_64\bin\jimage.dll
0x00007ffb206d0000 - 0x00007ffb208b4000 	C:\WINDOWS\SYSTEM32\DBGHELP.DLL
0x00007ffb11220000 - 0x00007ffb11254000 	C:\WINDOWS\SYSTEM32\dbgcore.DLL
0x00007ffb22980000 - 0x00007ffb22a02000 	C:\WINDOWS\System32\bcryptPrimitives.dll
0x00007ffafed40000 - 0x00007ffafed4e000 	c:\Users\ch148\.vscode\extensions\redhat.java-1.33.0-win32-x64\jre\17.0.11-win32-x86_64\bin\instrument.dll
0x00007ffaf5670000 - 0x00007ffaf5695000 	c:\Users\ch148\.vscode\extensions\redhat.java-1.33.0-win32-x64\jre\17.0.11-win32-x86_64\bin\java.dll
0x00007ffaf5570000 - 0x00007ffaf5588000 	c:\Users\ch148\.vscode\extensions\redhat.java-1.33.0-win32-x64\jre\17.0.11-win32-x86_64\bin\zip.dll
0x00007ffb23cd0000 - 0x00007ffb2443f000 	C:\WINDOWS\System32\SHELL32.dll
0x00007ffb1fe60000 - 0x00007ffb205ff000 	C:\WINDOWS\SYSTEM32\windows.storage.dll
0x00007ffb22d30000 - 0x00007ffb23083000 	C:\WINDOWS\System32\combase.dll
0x00007ffb21ae0000 - 0x00007ffb21b0e000 	C:\WINDOWS\SYSTEM32\Wldp.dll
0x00007ffb23990000 - 0x00007ffb23a5d000 	C:\WINDOWS\System32\OLEAUT32.dll
0x00007ffb23790000 - 0x00007ffb2383d000 	C:\WINDOWS\System32\SHCORE.dll
0x00007ffb24a50000 - 0x00007ffb24aa5000 	C:\WINDOWS\System32\shlwapi.dll
0x00007ffb220d0000 - 0x00007ffb220f4000 	C:\WINDOWS\SYSTEM32\profapi.dll
0x00007ffaf0f40000 - 0x00007ffaf0f59000 	C:\Users\ch148\.vscode\extensions\redhat.java-1.33.0-win32-x64\jre\17.0.11-win32-x86_64\bin\net.dll
0x00007ffb13540000 - 0x00007ffb1364d000 	C:\WINDOWS\SYSTEM32\WINHTTP.dll
0x00007ffb21850000 - 0x00007ffb218ba000 	C:\WINDOWS\system32\mswsock.dll
0x00007ffaf0d30000 - 0x00007ffaf0d46000 	C:\Users\ch148\.vscode\extensions\redhat.java-1.33.0-win32-x64\jre\17.0.11-win32-x86_64\bin\nio.dll
0x00007ffb05630000 - 0x00007ffb05640000 	c:\Users\ch148\.vscode\extensions\redhat.java-1.33.0-win32-x64\jre\17.0.11-win32-x86_64\bin\verify.dll
0x00007ffaef2f0000 - 0x00007ffaef335000 	C:\Users\ch148\AppData\Roaming\Code\User\globalStorage\redhat.java\1.33.0\config_win\org.eclipse.equinox.launcher\org.eclipse.equinox.launcher.win32.win32.x86_64_1.2.1100.v20240722-2106\eclipse_11904.dll
0x00007ffb23090000 - 0x00007ffb231bb000 	C:\WINDOWS\System32\ole32.dll
0x00007ffb21a40000 - 0x00007ffb21a58000 	C:\WINDOWS\SYSTEM32\CRYPTSP.dll
0x00007ffb21170000 - 0x00007ffb211a4000 	C:\WINDOWS\system32\rsaenh.dll
0x00007ffb22080000 - 0x00007ffb220ae000 	C:\WINDOWS\SYSTEM32\USERENV.dll
0x00007ffb21f10000 - 0x00007ffb21f1c000 	C:\WINDOWS\SYSTEM32\CRYPTBASE.dll
0x00007ffb21530000 - 0x00007ffb2156b000 	C:\WINDOWS\SYSTEM32\IPHLPAPI.DLL
0x00007ffb235e0000 - 0x00007ffb235e8000 	C:\WINDOWS\System32\NSI.dll
0x00007ffb13820000 - 0x00007ffb13837000 	C:\WINDOWS\SYSTEM32\dhcpcsvc6.DLL
0x00007ffb17fe0000 - 0x00007ffb17ffd000 	C:\WINDOWS\SYSTEM32\dhcpcsvc.DLL
0x00007ffb21570000 - 0x00007ffb2163a000 	C:\WINDOWS\SYSTEM32\DNSAPI.dll
0x00007ffaef470000 - 0x00007ffaef4b5000 	C:\Users\ch148\AppData\Local\Temp\jna-94575600\jna8585135414859747234.dll
0x00007ffb244e0000 - 0x00007ffb244e8000 	C:\WINDOWS\System32\PSAPI.DLL

dbghelp: loaded successfully - version: 4.0.5 - missing functions: none
symbol engine: initialized successfully - sym options: 0x614 - pdb path: .;c:\Users\ch148\.vscode\extensions\redhat.java-1.33.0-win32-x64\jre\17.0.11-win32-x86_64\bin;C:\WINDOWS\SYSTEM32;C:\WINDOWS\WinSxS\amd64_microsoft.windows.common-controls_6595b64144ccf1df_6.0.19041.4355_none_60b8b9eb71f62e16;c:\Users\ch148\.vscode\extensions\redhat.java-1.33.0-win32-x64\jre\17.0.11-win32-x86_64\bin\server;C:\Users\ch148\AppData\Roaming\Code\User\globalStorage\redhat.java\1.33.0\config_win\org.eclipse.equinox.launcher\org.eclipse.equinox.launcher.win32.win32.x86_64_1.2.1100.v20240722-2106;C:\Users\ch148\AppData\Local\Temp\jna-94575600

VM Arguments:
jvm_args: --add-modules=ALL-SYSTEM --add-opens=java.base/java.util=ALL-UNNAMED --add-opens=java.base/java.lang=ALL-UNNAMED --add-opens=java.base/sun.nio.fs=ALL-UNNAMED -Declipse.application=org.eclipse.jdt.ls.core.id1 -Dosgi.bundles.defaultStartLevel=4 -Declipse.product=org.eclipse.jdt.ls.core.product -Djava.import.generatesMetadataFilesAtProjectRoot=false -DDetectVMInstallationsJob.disabled=true -Dfile.encoding=utf8 -XX:+UseParallelGC -XX:GCTimeRatio=4 -XX:AdaptiveSizePolicyWeight=90 -Dsun.zip.disableMemoryMapping=true -Xmx1G -Xms100m -Xlog:disable -javaagent:c:\Users\ch148\.vscode\extensions\redhat.java-1.33.0-win32-x64\lombok\lombok-1.18.33.jar -XX:+HeapDumpOnOutOfMemoryError -XX:HeapDumpPath=c:\Users\ch148\AppData\Roaming\Code\User\workspaceStorage\49270bf35ae02e88dd2e23b78ee16835\redhat.java -Daether.dependencyCollector.impl=bf 
java_command: c:\Users\ch148\.vscode\extensions\redhat.java-1.33.0-win32-x64\server\plugins\org.eclipse.equinox.launcher_1.6.900.v20240613-2009.jar -configuration c:\Users\ch148\AppData\Roaming\Code\User\globalStorage\redhat.java\1.33.0\config_win -data c:\Users\ch148\AppData\Roaming\Code\User\workspaceStorage\49270bf35ae02e88dd2e23b78ee16835\redhat.java\jdt_ws --pipe=\\.\pipe\lsp-7286c364461d3ae112240be9368ea035-sock
java_class_path (initial): c:\Users\ch148\.vscode\extensions\redhat.java-1.33.0-win32-x64\server\plugins\org.eclipse.equinox.launcher_1.6.900.v20240613-2009.jar
Launcher Type: SUN_STANDARD

[Global flags]
    uintx AdaptiveSizePolicyWeight                 = 90                                        {product} {command line}
     intx CICompilerCount                          = 3                                         {product} {ergonomic}
    uintx GCTimeRatio                              = 4                                         {product} {command line}
     bool HeapDumpOnOutOfMemoryError               = true                                   {manageable} {command line}
    ccstr HeapDumpPath                             = c:\Users\ch148\AppData\Roaming\Code\User\workspaceStorage\49270bf35ae02e88dd2e23b78ee16835\redhat.java         {manageable} {command line}
   size_t InitialHeapSize                          = 104857600                                 {product} {command line}
   size_t MaxHeapSize                              = 1073741824                                {product} {command line}
   size_t MaxNewSize                               = 357564416                                 {product} {ergonomic}
   size_t MinHeapDeltaBytes                        = 524288                                    {product} {ergonomic}
   size_t MinHeapSize                              = 104857600                                 {product} {command line}
   size_t NewSize                                  = 34603008                                  {product} {ergonomic}
    uintx NonNMethodCodeHeapSize                   = 5832780                                {pd product} {ergonomic}
    uintx NonProfiledCodeHeapSize                  = 122912730                              {pd product} {ergonomic}
   size_t OldSize                                  = 70254592                                  {product} {ergonomic}
    uintx ProfiledCodeHeapSize                     = 122912730                              {pd product} {ergonomic}
    uintx ReservedCodeCacheSize                    = 251658240                              {pd product} {ergonomic}
     bool SegmentedCodeCache                       = true                                      {product} {ergonomic}
   size_t SoftMaxHeapSize                          = 1073741824                             {manageable} {ergonomic}
     bool UseCompressedClassPointers               = true                           {product lp64_product} {ergonomic}
     bool UseCompressedOops                        = true                           {product lp64_product} {ergonomic}
     bool UseLargePagesIndividualAllocation        = false                                  {pd product} {ergonomic}
     bool UseParallelGC                            = true                                      {product} {command line}

Logging:
Log output configuration:
 #0: stdout all=off uptime,level,tags
 #1: stderr all=off uptime,level,tags

Environment Variables:
JAVA_HOME=C:\Program Files\BellSoft\LibericaJDK-21-Full\
PATH=C:\Program Files\BellSoft\LibericaJDK-21-Full\bin\;C:\Program Files\Microsoft MPI\Bin\;C:\WINDOWS\system32;C:\WINDOWS;C:\WINDOWS\System32\Wbem;C:\WINDOWS\System32\WindowsPowerShell\v1.0\;C:\WINDOWS\System32\OpenSSH\;C:\Program Files\Microsoft SQL Server\150\Tools\Binn\;C:\Program Files\Microsoft SQL Server\Client SDK\ODBC\170\Tools\Binn\;C:\Program Files\dotnet\;C:\Program Files (x86)\Microsoft SQL Server\160\Tools\Binn\;C:\Program Files\Microsoft SQL Server\160\Tools\Binn\;C:\Program Files\Microsoft SQL Server\160\DTS\Binn\;C:\Program Files (x86)\Microsoft SQL Server\160\DTS\Binn\;C:\Program Files\Azure Data Studio\bin;C:\Program Files\nodejs\;C:\xampp\php;C:\Program Files\Git\cmd;C:\Users\ch148\.config\herd\bin;C:\Users\ch148\AppData\Local\Programs\Python\Python312\Scripts\;C:\Users\ch148\AppData\Local\Programs\Python\Python312\;C:\Users\ch148\AppData\Local\Programs\Python\Launcher\;C:\Users\ch148\AppData\Local\Microsoft\WindowsApps;C:\Users\ch148\.dotnet\tools;C:\Program Files\Azure Data Studio\bin;C:\Users\ch148\AppData\Roaming\npm;C:\Users\ch148\AppData\Local\Programs\Microsoft VS Code\bin
USERNAME=ch148
OS=Windows_NT
PROCESSOR_IDENTIFIER=Intel64 Family 6 Model 122 Stepping 8, GenuineIntel
TMP=C:\Users\ch148\AppData\Local\Temp
TEMP=C:\Users\ch148\AppData\Local\Temp



Periodic native trim disabled


---------------  S Y S T E M  ---------------

OS:
 Windows 10 , 64 bit Build 19041 (10.0.19041.4717)
OS uptime: 0 days 9:07 hours

CPU: total 4 (initial active 4) (4 cores per cpu, 1 threads per core) family 6 model 122 stepping 8 microcode 0x16, cx8, cmov, fxsr, mmx, 3dnowpref, sse, sse2, sse3, ssse3, sse4.1, sse4.2, popcnt, tsc, tscinvbit, aes, erms, clmul, sha, clflush, clflushopt
Processor Information for all 4 processors :
  Max Mhz: 1101, Current Mhz: 1101, Mhz Limit: 1101

Memory: 4k page, system-wide physical 3917M (245M free)
TotalPageFile size 10983M (AvailPageFile size 3M)
current process WorkingSet (physical memory assigned to process): 203M, peak: 230M
current process commit charge ("private bytes"): 279M, peak: 303M

vm_info: OpenJDK 64-Bit Server VM (17.0.11+9) for windows-amd64 JRE (17.0.11+9), built on Apr 17 2024 06:07:48 by "admin" with MS VC++ 16.10 / 16.11 (VS2019)

END.
